<?xml version="1.0" encoding="UTF-8"?>
<!-- Generated by org.testng.reporters.JUnitXMLReporter -->
<testsuite hostname="DESKTOP-J7F82RA" ignored="0" name="Add Customer Test" tests="1" failures="1" timestamp="16 Aug 2019 06:23:51 GMT" time="1.024" errors="0">
  <testcase name="AddCustomer" time="0.653" classname="com.w2a.testcases.AddCustomerTest">
    <failure type="java.lang.AssertionError" message="Customer not added Successfully">
      <![CDATA[java.lang.AssertionError: Customer not added Successfully
at com.w2a.testcases.AddCustomerTest.AddCustomer(AddCustomerTest.java:33)
... Removed 26 stack frames]]>
    </failure>
  </testcase> <!-- AddCustomer -->
</testsuite> <!-- Add Customer Test -->
