<?xml version="1.0" encoding="UTF-8"?>
<!-- Generated by org.testng.reporters.JUnitXMLReporter -->
<testsuite hostname="DESKTOP-J7F82RA" ignored="0" name="Bank Manager Login Test" tests="1" failures="1" timestamp="16 Aug 2019 06:23:49 GMT" time="1.287" errors="0">
  <testcase name="loginAsBankManager" time="0.927" classname="com.w2a.testcases.BankManagerLoginTest">
    <failure type="java.lang.AssertionError" message="Login not Successfully">
      <![CDATA[java.lang.AssertionError: Login not Successfully
at com.w2a.testcases.BankManagerLoginTest.loginAsBankManager(BankManagerLoginTest.java:24)
... Removed 26 stack frames]]>
    </failure>
  </testcase> <!-- loginAsBankManager -->
</testsuite> <!-- Bank Manager Login Test -->
